\BOOKMARK [1][-]{section.1}{\376\377\000v\000i\000m\000r\000c}{}% 1
\BOOKMARK [1][-]{section.2}{\376\377\000Z}{}% 2
\BOOKMARK [1][-]{section.3}{\376\377\226\217\147\072\145\160\165\037\142\020\126\150}{}% 3
\BOOKMARK [1][-]{section.4}{\376\377\145\160\122\027}{}% 4
\BOOKMARK [2][-]{subsection.4.1}{\376\377\131\032\230\171\137\017\147\177\133\120}{section.4}% 5
\BOOKMARK [2][-]{subsection.4.2}{\376\377\000M\000T\000T}{section.4}% 6
\BOOKMARK [2][-]{subsection.4.3}{\376\377\000F\000W\000T}{section.4}% 7
\BOOKMARK [2][-]{subsection.4.4}{\376\377\000B\000M}{section.4}% 8
\BOOKMARK [1][-]{section.5}{\376\377\145\160\213\272}{}% 9
\BOOKMARK [2][-]{subsection.5.1}{\376\377\122\044\175\040\145\160\377\010\000m\000i\000l\000l\000e\000r\000-\000r\000a\000b\000i\000n\377\011}{section.5}% 10
\BOOKMARK [2][-]{subsection.5.2}{\376\377\116\214\153\041\122\151\117\131\377\010\000C\000i\000p\000o\000l\000l\000a\377\011}{section.5}% 11
\BOOKMARK [2][-]{subsection.5.3}{\376\377\147\134\145\131\173\133}{section.5}% 12
\BOOKMARK [2][-]{subsection.5.4}{\376\377\000m\000i\000n\000\137\0002\0005}{section.5}% 13
\BOOKMARK [1][-]{section.6}{\376\377\176\277\140\047\116\343\145\160}{}% 14
\BOOKMARK [2][-]{subsection.6.1}{\376\377\176\277\140\047\127\372}{section.6}% 15
\BOOKMARK [2][-]{subsection.6.2}{\376\377\167\351\226\065\154\102\220\006}{section.6}% 16
\BOOKMARK [1][-]{section.7}{\376\377\145\160\143\156\176\323\147\204}{}% 17
\BOOKMARK [2][-]{subsection.7.1}{\376\377\135\346\120\117\150\021}{section.7}% 18
\BOOKMARK [2][-]{subsection.7.2}{\376\377\000L\000C\000T}{section.7}% 19
\BOOKMARK [2][-]{subsection.7.3}{\376\377\000K\000D\000-\000T\000r\000e\000e}{section.7}% 20
\BOOKMARK [1][-]{section.8}{\376\377\126\376\213\272}{}% 21
\BOOKMARK [2][-]{subsection.8.1}{\376\377\160\271\123\314}{section.8}% 22
\BOOKMARK [2][-]{subsection.8.2}{\376\377\121\150\134\100\136\163\210\141\116\214\123\311\150\021}{section.8}% 23
\BOOKMARK [2][-]{subsection.8.3}{\376\377\000M\000C\000S\000\040\154\102\000\040\000P\000E\000O}{section.8}% 24
\BOOKMARK [2][-]{subsection.8.4}{\376\377\154\102\153\047\142\311\126\336\215\357}{section.8}% 25
\BOOKMARK [2][-]{subsection.8.5}{\376\377\000S\000P\000F\000A}{section.8}% 26
\BOOKMARK [1][-]{section.9}{\376\377\133\127\173\046\116\062}{}% 27
\BOOKMARK [2][-]{subsection.9.1}{\376\377\124\016\177\000\150\021\176\304}{section.9}% 28
\BOOKMARK [2][-]{subsection.9.2}{\376\377\124\016\177\000\201\352\122\250\147\072}{section.9}% 29
\BOOKMARK [2][-]{subsection.9.3}{\376\377\000M\000a\000n\000a\000c\000h\000e\000r}{section.9}% 30
\BOOKMARK [2][-]{subsection.9.4}{\376\377\126\336\145\207\201\352\122\250\147\072}{section.9}% 31
\BOOKMARK [2][-]{subsection.9.5}{\376\377\000L\000y\000n\000d\000o\000n\000\040\122\006\211\343}{section.9}% 32
\BOOKMARK [2][-]{subsection.9.6}{\376\377\000Z\000\040\000F\000u\000n\000c\000t\000i\000o\000n}{section.9}% 33
\BOOKMARK [1][-]{section.10}{\376\377\121\166\116\326}{}% 34
\BOOKMARK [2][-]{subsection.10.1}{\376\377\177\121\176\334\155\101\377\010\000I\000S\000A\000P\377\011}{section.10}% 35
\BOOKMARK [2][-]{subsection.10.2}{\376\377\177\121\176\334\155\101\377\010\000H\000L\000P\000P\377\011}{section.10}% 36
\BOOKMARK [2][-]{subsection.10.3}{\376\377\152\041\142\337\220\000\160\153}{section.10}% 37
